<?xml version="1.0" encoding="UTF-8"?>
<!-- Generated by org.testng.reporters.JUnitReportReporter -->
<testsuite hostname="DESKTOP-GB5NP6M" failures="0" tests="3" name="parameterization.TestParameterization" time="0.024" errors="0" timestamp="2023-12-27T19:53:03 IST" skipped="0">
  <testcase classname="parameterization.TestParameterization" name="doLogin" time="0.018"/>
  <system-out/>
  <testcase classname="parameterization.TestParameterization" name="doLogin" time="0.003"/>
  <system-out/>
  <testcase classname="parameterization.TestParameterization" name="doLogin" time="0.003"/>
  <system-out/>
</testsuite> <!-- parameterization.TestParameterization -->
