<?xml version="1.0" encoding="UTF-8"?>
<!-- Generated by org.testng.reporters.JUnitReportReporter -->
<testsuite skipped="0" hostname="CHANDRA" name="testcases.ExtentReportsSample" tests="1" failures="0" timestamp="2022-01-06T20:52:06 IST" time="8.208" errors="0">
  <testcase name="test_with_extentReporting" time="8.208" classname="testcases.ExtentReportsSample"/>
  <system-out/>
</testsuite> <!-- testcases.ExtentReportsSample -->
