<?xml version="1.0" encoding="UTF-8"?>
<!-- Generated by org.testng.reporters.JUnitReportReporter -->
<testsuite skipped="0" hostname="CHANDRA" name="regression.TestCase1" tests="2" failures="0" timestamp="2022-01-03T20:57:35 IST" time="0.031" errors="0">
  <testcase name="doUserReg" time="0.025" classname="regression.TestCase1"/>
  <system-out/>
  <testcase name="doLogin" time="0.006" classname="regression.TestCase1"/>
  <system-out/>
</testsuite> <!-- regression.TestCase1 -->
