<?xml version="1.0" encoding="UTF-8"?>
<!-- Generated by org.testng.reporters.JUnitReportReporter -->
<testsuite skipped="0" hostname="CHANDRA" name="testcases.FirstTestWithTestNGFramework" tests="1" failures="0" timestamp="2021-10-01T21:30:42 IST" time="10.586" errors="0">
  <testcase name="signUp" time="10.586" classname="testcases.FirstTestWithTestNGFramework"/>
  <system-out/>
</testsuite> <!-- testcases.FirstTestWithTestNGFramework -->
