<?xml version="1.0" encoding="UTF-8"?>
<!-- Generated by org.testng.reporters.JUnitReportReporter -->
<testsuite hostname="DESKTOP-GB5NP6M" failures="0" tests="2" name="parallelTest.TestBrowser" time="8.114" errors="0" timestamp="2023-12-27T01:01:24 IST" skipped="0">
  <testcase classname="parallelTest.TestBrowser" name="doLogin" time="4.057"/>
  <system-out/>
  <testcase classname="parallelTest.TestBrowser" name="doLogin" time="4.057"/>
  <system-out/>
</testsuite> <!-- parallelTest.TestBrowser -->
