<?xml version="1.0" encoding="UTF-8"?>
<!-- Generated by org.testng.reporters.JUnitReportReporter -->
<testsuite hostname="DESKTOP-GB5NP6M" failures="0" tests="2" name="testcases.TestCase1" time="0.019" errors="0" timestamp="2023-12-23T01:09:53 IST" skipped="0">
  <testcase classname="testcases.TestCase1" name="doUserReg" time="0.016"/>
  <system-out/>
  <testcase classname="testcases.TestCase1" name="doLogin" time="0.003"/>
  <system-out/>
</testsuite> <!-- testcases.TestCase1 -->
