<?xml version="1.0" encoding="UTF-8"?>
<!-- Generated by org.testng.reporters.JUnitReportReporter -->
<testsuite hostname="DESKTOP-GB5NP6M" failures="0" tests="2" name="parallelTest.TestParallelDP" time="4.106" errors="0" timestamp="2023-03-31T23:09:03 IST" skipped="0">
  <testcase classname="parallelTest.TestParallelDP" name="doLogin" time="2.048"/>
  <system-out/>
  <testcase classname="parallelTest.TestParallelDP" name="doLogin" time="2.058"/>
  <system-out/>
</testsuite> <!-- parallelTest.TestParallelDP -->
