<?xml version="1.0" encoding="UTF-8"?>
<!-- Generated by org.testng.reporters.JUnitReportReporter -->
<testsuite hostname="DESKTOP-GB5NP6M" failures="0" tests="3" name="listeners.ListenerTestNGTestCase" time="74.244" errors="0" timestamp="2024-01-04T01:35:35 IST" skipped="1">
  <testcase classname="listeners.ListenerTestNGTestCase" name="TestToPass" time="72.318"/>
  <system-out/>
  <testcase classname="listeners.ListenerTestNGTestCase" name="TestToSkip" time="0.004">
    <skipped/>
  </testcase> <!-- TestToSkip -->
  <system-out/>
  <testcase classname="listeners.ListenerTestNGTestCase" name="TestToFail" time="1.922"/>
  <system-out/>
</testsuite> <!-- listeners.ListenerTestNGTestCase -->
