<?xml version="1.0" encoding="UTF-8"?>
<!-- Generated by org.testng.reporters.JUnitReportReporter -->
<testsuite hostname="DESKTOP-GB5NP6M" failures="0" tests="2" name="parameterization.TestParametersFromXML" time="0.018" errors="0" timestamp="2023-12-27T19:57:43 IST" skipped="0">
  <testcase classname="parameterization.TestParametersFromXML" name="getBrowser" time="0.014"/>
  <system-out/>
  <testcase classname="parameterization.TestParametersFromXML" name="getBrowser" time="0.004"/>
  <system-out/>
</testsuite> <!-- parameterization.TestParametersFromXML -->
