<?xml version="1.0" encoding="UTF-8"?>
<!-- Generated by org.testng.reporters.JUnitReportReporter -->
<testsuite skipped="0" hostname="CHANDRA" name="VerifyWordpressLogin" tests="1" failures="0" timestamp="01 Mar 2021 15:55:06 GMT" time="36.941" errors="0">
  <testcase name="verifyValidLogin" time="36.941" classname="VerifyWordpressLogin"/>
</testsuite> <!-- VerifyWordpressLogin -->
